{"/Users/soukinanounou/Desktop/Cours/Test et Test unitaire/Cours 1/Ynov_test/module.js": {"path":"/Users/soukinanounou/Desktop/Cours/Test et Test unitaire/Cours 1/Ynov_test/module.js","statementMap":{"0":{"start":{"line":9,"column":4},"end":{"line":11,"column":5}},"1":{"start":{"line":10,"column":8},"end":{"line":10,"column":42}},"2":{"start":{"line":13,"column":4},"end":{"line":15,"column":5}},"3":{"start":{"line":14,"column":8},"end":{"line":14,"column":48}},"4":{"start":{"line":17,"column":4},"end":{"line":19,"column":5}},"5":{"start":{"line":18,"column":8},"end":{"line":18,"column":52}},"6":{"start":{"line":21,"column":4},"end":{"line":23,"column":5}},"7":{"start":{"line":22,"column":8},"end":{"line":22,"column":47}},"8":{"start":{"line":25,"column":4},"end":{"line":27,"column":5}},"9":{"start":{"line":26,"column":8},"end":{"line":26,"column":50}},"10":{"start":{"line":29,"column":4},"end":{"line":31,"column":5}},"11":{"start":{"line":30,"column":8},"end":{"line":30,"column":68}},"12":{"start":{"line":33,"column":4},"end":{"line":35,"column":5}},"13":{"start":{"line":34,"column":8},"end":{"line":34,"column":59}},"14":{"start":{"line":37,"column":19},"end":{"line":37,"column":59}},"15":{"start":{"line":38,"column":14},"end":{"line":38,"column":56}},"16":{"start":{"line":39,"column":4},"end":{"line":39,"column":15}}},"fnMap":{"0":{"name":"calculateAge","decl":{"start":{"line":8,"column":24},"end":{"line":8,"column":36}},"loc":{"start":{"line":8,"column":40},"end":{"line":41,"column":1}},"line":8}},"branchMap":{"0":{"loc":{"start":{"line":9,"column":4},"end":{"line":11,"column":5}},"type":"if","locations":[{"start":{"line":9,"column":4},"end":{"line":11,"column":5}},{"start":{},"end":{}}],"line":9},"1":{"loc":{"start":{"line":13,"column":4},"end":{"line":15,"column":5}},"type":"if","locations":[{"start":{"line":13,"column":4},"end":{"line":15,"column":5}},{"start":{},"end":{}}],"line":13},"2":{"loc":{"start":{"line":17,"column":4},"end":{"line":19,"column":5}},"type":"if","locations":[{"start":{"line":17,"column":4},"end":{"line":19,"column":5}},{"start":{},"end":{}}],"line":17},"3":{"loc":{"start":{"line":21,"column":4},"end":{"line":23,"column":5}},"type":"if","locations":[{"start":{"line":21,"column":4},"end":{"line":23,"column":5}},{"start":{},"end":{}}],"line":21},"4":{"loc":{"start":{"line":25,"column":4},"end":{"line":27,"column":5}},"type":"if","locations":[{"start":{"line":25,"column":4},"end":{"line":27,"column":5}},{"start":{},"end":{}}],"line":25},"5":{"loc":{"start":{"line":29,"column":4},"end":{"line":31,"column":5}},"type":"if","locations":[{"start":{"line":29,"column":4},"end":{"line":31,"column":5}},{"start":{},"end":{}}],"line":29},"6":{"loc":{"start":{"line":33,"column":4},"end":{"line":35,"column":5}},"type":"if","locations":[{"start":{"line":33,"column":4},"end":{"line":35,"column":5}},{"start":{},"end":{}}],"line":33}},"s":{"0":10,"1":1,"2":9,"3":1,"4":8,"5":1,"6":7,"7":1,"8":6,"9":1,"10":5,"11":1,"12":4,"13":1,"14":3,"15":3,"16":3},"f":{"0":10},"b":{"0":[1,9],"1":[1,8],"2":[1,7],"3":[1,6],"4":[1,5],"5":[1,4],"6":[1,3]},"_coverageSchema":"1a1c01bbd47fc00a2c39e90264f33305004495a9","hash":"68d84ab0c3397dc7e70fc9d97fdfb44b004886b2"}
,"/Users/soukinanounou/Desktop/Cours/Test et Test unitaire/Cours 1/Ynov_test/validator.js": {"path":"/Users/soukinanounou/Desktop/Cours/Test et Test unitaire/Cours 1/Ynov_test/validator.js","statementMap":{"0":{"start":{"line":9,"column":4},"end":{"line":14,"column":5}},"1":{"start":{"line":10,"column":22},"end":{"line":10,"column":55}},"2":{"start":{"line":11,"column":8},"end":{"line":11,"column":42}},"3":{"start":{"line":12,"column":8},"end":{"line":12,"column":47}},"4":{"start":{"line":13,"column":8},"end":{"line":13,"column":20}},"5":{"start":{"line":17,"column":4},"end":{"line":22,"column":5}},"6":{"start":{"line":18,"column":22},"end":{"line":18,"column":58}},"7":{"start":{"line":19,"column":8},"end":{"line":19,"column":42}},"8":{"start":{"line":20,"column":8},"end":{"line":20,"column":50}},"9":{"start":{"line":21,"column":8},"end":{"line":21,"column":20}},"10":{"start":{"line":24,"column":16},"end":{"line":24,"column":26}},"11":{"start":{"line":26,"column":4},"end":{"line":31,"column":5}},"12":{"start":{"line":27,"column":22},"end":{"line":27,"column":76}},"13":{"start":{"line":28,"column":8},"end":{"line":28,"column":42}},"14":{"start":{"line":29,"column":8},"end":{"line":29,"column":68}},"15":{"start":{"line":30,"column":8},"end":{"line":30,"column":20}},"16":{"start":{"line":33,"column":23},"end":{"line":33,"column":44}},"17":{"start":{"line":34,"column":16},"end":{"line":34,"column":60}},"18":{"start":{"line":36,"column":4},"end":{"line":41,"column":5}},"19":{"start":{"line":37,"column":22},"end":{"line":37,"column":69}},"20":{"start":{"line":38,"column":8},"end":{"line":38,"column":37}},"21":{"start":{"line":39,"column":8},"end":{"line":39,"column":61}},"22":{"start":{"line":40,"column":8},"end":{"line":40,"column":20}},"23":{"start":{"line":44,"column":4},"end":{"line":44,"column":16}},"24":{"start":{"line":54,"column":4},"end":{"line":59,"column":5}},"25":{"start":{"line":55,"column":6},"end":{"line":58,"column":8}},"26":{"start":{"line":60,"column":18},"end":{"line":60,"column":30}},"27":{"start":{"line":62,"column":4},"end":{"line":67,"column":5}},"28":{"start":{"line":63,"column":6},"end":{"line":66,"column":8}},"29":{"start":{"line":68,"column":4},"end":{"line":68,"column":16}},"30":{"start":{"line":77,"column":4},"end":{"line":82,"column":5}},"31":{"start":{"line":78,"column":6},"end":{"line":81,"column":8}},"32":{"start":{"line":85,"column":22},"end":{"line":85,"column":40}},"33":{"start":{"line":86,"column":4},"end":{"line":91,"column":5}},"34":{"start":{"line":87,"column":8},"end":{"line":90,"column":10}},"35":{"start":{"line":94,"column":18},"end":{"line":94,"column":43}},"36":{"start":{"line":95,"column":4},"end":{"line":100,"column":5}},"37":{"start":{"line":96,"column":6},"end":{"line":99,"column":8}},"38":{"start":{"line":102,"column":4},"end":{"line":102,"column":16}},"39":{"start":{"line":112,"column":4},"end":{"line":117,"column":5}},"40":{"start":{"line":113,"column":6},"end":{"line":116,"column":8}},"41":{"start":{"line":119,"column":23},"end":{"line":119,"column":51}},"42":{"start":{"line":120,"column":4},"end":{"line":125,"column":5}},"43":{"start":{"line":121,"column":6},"end":{"line":124,"column":8}},"44":{"start":{"line":127,"column":4},"end":{"line":127,"column":16}}},"fnMap":{"0":{"name":"validateAge","decl":{"start":{"line":7,"column":16},"end":{"line":7,"column":27}},"loc":{"start":{"line":7,"column":35},"end":{"line":45,"column":1}},"line":7},"1":{"name":"validatePostalCode","decl":{"start":{"line":52,"column":16},"end":{"line":52,"column":34}},"loc":{"start":{"line":52,"column":47},"end":{"line":69,"column":1}},"line":52},"2":{"name":"validateIdentity","decl":{"start":{"line":76,"column":16},"end":{"line":76,"column":32}},"loc":{"start":{"line":76,"column":39},"end":{"line":103,"column":1}},"line":76},"3":{"name":"validateEmail","decl":{"start":{"line":110,"column":16},"end":{"line":110,"column":29}},"loc":{"start":{"line":110,"column":37},"end":{"line":128,"column":1}},"line":110}},"branchMap":{"0":{"loc":{"start":{"line":9,"column":4},"end":{"line":14,"column":5}},"type":"if","locations":[{"start":{"line":9,"column":4},"end":{"line":14,"column":5}},{"start":{},"end":{}}],"line":9},"1":{"loc":{"start":{"line":17,"column":4},"end":{"line":22,"column":5}},"type":"if","locations":[{"start":{"line":17,"column":4},"end":{"line":22,"column":5}},{"start":{},"end":{}}],"line":17},"2":{"loc":{"start":{"line":26,"column":4},"end":{"line":31,"column":5}},"type":"if","locations":[{"start":{"line":26,"column":4},"end":{"line":31,"column":5}},{"start":{},"end":{}}],"line":26},"3":{"loc":{"start":{"line":36,"column":4},"end":{"line":41,"column":5}},"type":"if","locations":[{"start":{"line":36,"column":4},"end":{"line":41,"column":5}},{"start":{},"end":{}}],"line":36},"4":{"loc":{"start":{"line":54,"column":4},"end":{"line":59,"column":5}},"type":"if","locations":[{"start":{"line":54,"column":4},"end":{"line":59,"column":5}},{"start":{},"end":{}}],"line":54},"5":{"loc":{"start":{"line":62,"column":4},"end":{"line":67,"column":5}},"type":"if","locations":[{"start":{"line":62,"column":4},"end":{"line":67,"column":5}},{"start":{},"end":{}}],"line":62},"6":{"loc":{"start":{"line":77,"column":4},"end":{"line":82,"column":5}},"type":"if","locations":[{"start":{"line":77,"column":4},"end":{"line":82,"column":5}},{"start":{},"end":{}}],"line":77},"7":{"loc":{"start":{"line":77,"column":8},"end":{"line":77,"column":60}},"type":"binary-expr","locations":[{"start":{"line":77,"column":8},"end":{"line":77,"column":32}},{"start":{"line":77,"column":36},"end":{"line":77,"column":60}}],"line":77},"8":{"loc":{"start":{"line":86,"column":4},"end":{"line":91,"column":5}},"type":"if","locations":[{"start":{"line":86,"column":4},"end":{"line":91,"column":5}},{"start":{},"end":{}}],"line":86},"9":{"loc":{"start":{"line":86,"column":8},"end":{"line":86,"column":96}},"type":"binary-expr","locations":[{"start":{"line":86,"column":8},"end":{"line":86,"column":37}},{"start":{"line":86,"column":41},"end":{"line":86,"column":72}},{"start":{"line":86,"column":76},"end":{"line":86,"column":96}}],"line":86},"10":{"loc":{"start":{"line":95,"column":4},"end":{"line":100,"column":5}},"type":"if","locations":[{"start":{"line":95,"column":4},"end":{"line":100,"column":5}},{"start":{},"end":{}}],"line":95},"11":{"loc":{"start":{"line":112,"column":4},"end":{"line":117,"column":5}},"type":"if","locations":[{"start":{"line":112,"column":4},"end":{"line":117,"column":5}},{"start":{},"end":{}}],"line":112},"12":{"loc":{"start":{"line":120,"column":4},"end":{"line":125,"column":5}},"type":"if","locations":[{"start":{"line":120,"column":4},"end":{"line":125,"column":5}},{"start":{},"end":{}}],"line":120}},"s":{"0":5,"1":1,"2":1,"3":1,"4":1,"5":4,"6":1,"7":1,"8":1,"9":1,"10":3,"11":3,"12":1,"13":1,"14":1,"15":1,"16":2,"17":2,"18":2,"19":1,"20":1,"21":1,"22":1,"23":1,"24":4,"25":0,"26":4,"27":4,"28":3,"29":1,"30":6,"31":0,"32":6,"33":6,"34":1,"35":5,"36":5,"37":2,"38":3,"39":5,"40":0,"41":5,"42":5,"43":3,"44":2},"f":{"0":5,"1":4,"2":6,"3":5},"b":{"0":[1,4],"1":[1,3],"2":[1,2],"3":[1,1],"4":[0,4],"5":[3,1],"6":[0,6],"7":[6,6],"8":[1,5],"9":[6,5,5],"10":[2,3],"11":[0,5],"12":[3,2]},"_coverageSchema":"1a1c01bbd47fc00a2c39e90264f33305004495a9","hash":"2e895948987aff4e3353918bce4e5b4388fb83c2"}
}
