TN:
SF:module.js
FN:8,calculateAge
FNF:1
FNH:1
FNDA:10,calculateAge
DA:9,10
DA:10,1
DA:13,9
DA:14,1
DA:17,8
DA:18,1
DA:21,7
DA:22,1
DA:25,6
DA:26,1
DA:29,5
DA:30,1
DA:33,4
DA:34,1
DA:37,3
DA:38,3
DA:39,3
LF:17
LH:17
BRDA:9,0,0,1
BRDA:9,0,1,9
BRDA:13,1,0,1
BRDA:13,1,1,8
BRDA:17,2,0,1
BRDA:17,2,1,7
BRDA:21,3,0,1
BRDA:21,3,1,6
BRDA:25,4,0,1
BRDA:25,4,1,5
BRDA:29,5,0,1
BRDA:29,5,1,4
BRDA:33,6,0,1
BRDA:33,6,1,3
BRF:14
BRH:14
end_of_record
TN:
SF:validator.js
FN:7,validateAge
FN:50,validatePostalCode
FN:62,validateName
FN:77,validateEmail
FNF:4
FNH:1
FNDA:5,validateAge
FNDA:0,validatePostalCode
FNDA:0,validateName
FNDA:0,validateEmail
DA:9,5
DA:10,1
DA:11,1
DA:12,1
DA:13,1
DA:17,4
DA:18,1
DA:19,1
DA:20,1
DA:21,1
DA:24,3
DA:25,3
DA:26,1
DA:27,1
DA:28,1
DA:29,1
DA:32,2
DA:33,2
DA:34,2
DA:35,1
DA:36,1
DA:37,1
DA:38,1
DA:42,1
DA:51,0
DA:52,0
DA:53,0
DA:63,0
DA:64,0
DA:65,0
DA:67,0
DA:68,0
DA:78,0
DA:79,0
DA:80,0
LF:35
LH:24
BRDA:9,0,0,1
BRDA:9,0,1,4
BRDA:17,1,0,1
BRDA:17,1,1,3
BRDA:25,2,0,1
BRDA:25,2,1,2
BRDA:34,3,0,1
BRDA:34,3,1,1
BRDA:52,4,0,0
BRDA:52,4,1,0
BRDA:64,5,0,0
BRDA:64,5,1,0
BRDA:67,6,0,0
BRDA:67,6,1,0
BRDA:79,7,0,0
BRDA:79,7,1,0
BRF:16
BRH:8
end_of_record
