TN:
SF:module.js
FN:8,calculateAge
FNF:1
FNH:1
FNDA:15,calculateAge
DA:9,15
DA:10,1
DA:11,1
DA:12,1
DA:15,14
DA:16,1
DA:17,1
DA:18,1
DA:21,13
DA:22,1
DA:23,1
DA:24,1
DA:27,12
DA:28,2
DA:29,2
DA:30,2
DA:31,2
DA:34,10
DA:35,2
DA:36,2
DA:37,2
DA:38,2
DA:41,8
DA:42,2
DA:43,2
DA:44,2
DA:45,2
DA:48,6
DA:49,1
DA:50,1
DA:51,1
DA:52,1
DA:55,5
DA:56,5
DA:59,5
DA:60,1
DA:61,1
DA:62,1
DA:63,1
DA:66,4
LF:40
LH:40
BRDA:9,0,0,1
BRDA:9,0,1,14
BRDA:15,1,0,1
BRDA:15,1,1,13
BRDA:21,2,0,1
BRDA:21,2,1,12
BRDA:27,3,0,2
BRDA:27,3,1,10
BRDA:34,4,0,2
BRDA:34,4,1,8
BRDA:41,5,0,2
BRDA:41,5,1,6
BRDA:48,6,0,1
BRDA:48,6,1,5
BRDA:59,7,0,1
BRDA:59,7,1,4
BRF:16
BRH:16
end_of_record
TN:
SF:validator.js
FN:6,validatePostalCode
FN:30,validateIdentity
FN:64,validateEmail
FNF:3
FNH:3
FNDA:6,validatePostalCode
FNDA:9,validateIdentity
FNDA:7,validateEmail
DA:8,6
DA:9,2
DA:14,4
DA:16,4
DA:17,3
DA:22,1
DA:31,9
DA:32,3
DA:39,6
DA:40,6
DA:41,1
DA:48,5
DA:49,5
DA:50,2
DA:56,3
DA:66,7
DA:67,2
DA:73,5
DA:75,5
DA:76,3
DA:82,2
LF:21
LH:21
BRDA:8,0,0,2
BRDA:8,0,1,4
BRDA:16,1,0,3
BRDA:16,1,1,1
BRDA:31,2,0,3
BRDA:31,2,1,6
BRDA:31,3,0,9
BRDA:31,3,1,8
BRDA:40,4,0,1
BRDA:40,4,1,5
BRDA:40,5,0,6
BRDA:40,5,1,5
BRDA:40,5,2,5
BRDA:49,6,0,2
BRDA:49,6,1,3
BRDA:66,7,0,2
BRDA:66,7,1,5
BRDA:75,8,0,3
BRDA:75,8,1,2
BRF:19
BRH:19
end_of_record
